Build started 8/26/2015 8:11:19 AM.
     1>Project "c:\Users\shus1_000\documents\visual studio 2013\Projects\DSAAday2\DSAAday2\DSAAday2.vcxproj" on node 2 (Build target(s)).
     1>ClCompile:
         C:\Program Files\Microsoft Visual Studio 12.0\VC\bin\CL.exe /c /ZI /nologo /W3 /WX- /sdl /Od /Oy- /D WIN32 /D _DEBUG /D _CONSOLE /D _LIB /D _UNICODE /D UNICODE /Gm /EHsc /RTC1 /MDd /GS /fp:precise /Zc:wchar_t /Zc:forScope /Yc"stdafx.h" /Fp"Debug\DSAAday2.pch" /Fo"Debug\\" /Fd"Debug\vc120.pdb" /Gd /TP /analyze- /errorReport:prompt stdafx.cpp
         stdafx.cpp
         C:\Program Files\Microsoft Visual Studio 12.0\VC\bin\CL.exe /c /ZI /nologo /W3 /WX- /sdl /Od /Oy- /D WIN32 /D _DEBUG /D _CONSOLE /D _LIB /D _UNICODE /D UNICODE /Gm /EHsc /RTC1 /MDd /GS /fp:precise /Zc:wchar_t /Zc:forScope /Yu"stdafx.h" /Fp"Debug\DSAAday2.pch" /Fo"Debug\\" /Fd"Debug\vc120.pdb" /Gd /TP /analyze- /errorReport:prompt DSAAday2.cpp
         DSAAday2.cpp
     1>c:\users\shus1_000\documents\visual studio 2013\projects\dsaaday2\dsaaday2\dsaaday2.cpp(20): error C2660: 'std::basic_ostream<char,std::char_traits<char>>::write' : function does not take 1 arguments
     1>c:\users\shus1_000\documents\visual studio 2013\projects\dsaaday2\dsaaday2\dsaaday2.cpp(26): error C2059: syntax error : '>'
     1>Done Building Project "c:\Users\shus1_000\documents\visual studio 2013\Projects\DSAAday2\DSAAday2\DSAAday2.vcxproj" (Build target(s)) -- FAILED.

Build FAILED.

Time Elapsed 00:00:02.87
